<?xml version="1.0" encoding="UTF-8"?>
<!-- Generated by org.testng.reporters.JUnitReportReporter -->
<testsuite hostname="NTINDSK1100564" name="Misc.ShoppersStop" tests="1" failures="0" timestamp="13 Nov 2019 05:44:03 GMT" time="17.687" errors="0">
  <testcase name="bcde" time="17.687" classname="Misc.ShoppersStop"/>
</testsuite> <!-- Misc.ShoppersStop -->
