<?xml version="1.0" encoding="UTF-8"?>
<!-- Generated by org.testng.reporters.JUnitReportReporter -->
<testsuite hostname="NTINDSK1100564" name="Misc.zz" tests="2" failures="0" timestamp="12 Nov 2019 07:06:48 GMT" time="0.000" errors="0">
  <testcase name="ab" time="0.000" classname="Misc.zz"/>
  <testcase name="ac" time="0.000" classname="Misc.zz"/>
</testsuite> <!-- Misc.zz -->
